0 info it worked if it ends with ok
1 verbose cli [ 'node', '/usr/local/bin/npm', 'install', 'fs', '--save' ]
2 info using npm@1.5.0-alpha-2
3 info using node@v0.10.26
4 verbose node symlink /usr/local/bin/node
5 warn package.json path@0.4.9 path is also the name of a node core module.
6 warn package.json path@0.4.9 No README data
7 warn package.json util@0.10.3 util is also the name of a node core module.
8 verbose readDependencies using package.json deps
9 verbose cache add [ 'fs', null ]
10 verbose cache add spec="fs" args=["fs",null]
11 verbose parsed spec { raw: 'fs',
11 verbose parsed spec   scope: null,
11 verbose parsed spec   name: 'fs',
11 verbose parsed spec   rawSpec: '',
11 verbose parsed spec   spec: '*',
11 verbose parsed spec   type: 'range' }
12 verbose addNamed [ 'fs', '*' ]
13 verbose addNamed [ null, '*' ]
14 silly lockFile d8bf140d-fs fs@*
15 verbose lock fs@* /Users/mizuman/.npm/d8bf140d-fs.lock
16 silly addNameRange { name: 'fs', range: '*', hasData: false }
17 verbose mapToRegistry name fs
18 verbose mapToRegistry uri https://registry.npmjs.org/fs
19 verbose request where is /fs
20 verbose request registry https://registry.npmjs.org/
21 verbose request id a3390d8392986aaa
22 verbose request url raw /fs
23 verbose request url resolving [ 'https://registry.npmjs.org/', './fs' ]
24 verbose request url resolved https://registry.npmjs.org/fs
25 verbose request where is https://registry.npmjs.org/fs
26 verbose request no basic auth needed
27 info trying registry request attempt 1 at 10:18:08
28 verbose etag "5BQZWWEVHQEXWCPP0V3B1TODR"
29 http GET https://registry.npmjs.org/fs
30 http 404 https://registry.npmjs.org/fs
31 silly registry.get cb [ 404,
31 silly registry.get   { date: 'Thu, 21 Aug 2014 01:17:51 GMT',
31 silly registry.get     server: 'CouchDB/1.5.0 (Erlang OTP/R16B03)',
31 silly registry.get     etag: '"5BQZWWEVHQEXWCPP0V3B1TODR"',
31 silly registry.get     'content-type': 'application/json',
31 silly registry.get     'cache-control': 'max-age=0',
31 silly registry.get     'content-length': '397',
31 silly registry.get     'accept-ranges': 'bytes',
31 silly registry.get     via: '1.1 varnish',
31 silly registry.get     age: '0',
31 silly registry.get     'x-served-by': 'cache-ty68-TYO',
31 silly registry.get     'x-cache': 'MISS',
31 silly registry.get     'x-cache-hits': '0',
31 silly registry.get     'x-timer': 'S1408583871.334977,VS0,VE177',
31 silly registry.get     vary: 'Accept',
31 silly registry.get     'keep-alive': 'timeout=10, max=50',
31 silly registry.get     connection: 'Keep-Alive' } ]
32 silly lockFile d8bf140d-fs fs@*
33 silly lockFile d8bf140d-fs fs@*
34 error 404 Not Found
34 error 404
34 error 404 'fs' is not in the npm registry.
34 error 404 You should bug the author to publish it
34 error 404 It was specified as a dependency of 'hosted-hubot'
34 error 404
34 error 404 Note that you can also install from a
34 error 404 tarball, folder, or http url, or git url.
35 error System Darwin 12.5.0
36 error command "node" "/usr/local/bin/npm" "install" "fs" "--save"
37 error cwd /Users/mizuman/Dropbox/PJ/hubot/mochi
38 error node -v v0.10.26
39 error npm -v 1.5.0-alpha-2
40 error code E404
41 verbose exit [ 1, true ]
